current directory: /usr1/Development/youtubequeue/ld-native/gems/io-console-0.7.2/ext/io/console
/usr/bin/ruby -I/usr/share/rubygems extconf.rb
checking for rb_io_path()... *** extconf.rb failed ***
Could not create Makefile due to some reason, probably lack of necessary
libraries and/or headers.  Check the mkmf.log file for more details.  You may
need configuration options.

Provided configuration options:
	--with-opt-dir
	--without-opt-dir
	--with-opt-include=${opt-dir}/include
	--without-opt-include
	--with-opt-lib=${opt-dir}/lib64
	--without-opt-lib
	--with-make-prog
	--without-make-prog
	--srcdir=.
	--curdir
	--ruby=/usr/bin/$(RUBY_BASE_NAME)
/usr/share/ruby/mkmf.rb:480:in `try_do': The compiler failed to generate an executable file. (RuntimeError)
You have to install development tools first.

	from /usr/share/ruby/mkmf.rb:573:in `try_link0'
	from /usr/share/ruby/mkmf.rb:591:in `try_link'
	from /usr/share/ruby/mkmf.rb:802:in `try_func'
	from /usr/share/ruby/mkmf.rb:1110:in `block in have_func'
	from /usr/share/ruby/mkmf.rb:983:in `block in checking_for'
	from /usr/share/ruby/mkmf.rb:344:in `block (2 levels) in postpone'
	from /usr/share/ruby/mkmf.rb:314:in `open'
	from /usr/share/ruby/mkmf.rb:344:in `block in postpone'
	from /usr/share/ruby/mkmf.rb:314:in `open'
	from /usr/share/ruby/mkmf.rb:340:in `postpone'
	from /usr/share/ruby/mkmf.rb:982:in `checking_for'
	from /usr/share/ruby/mkmf.rb:1109:in `have_func'
	from extconf.rb:4:in `<main>'

To see why this extension failed to compile, please check the mkmf.log which can be found here:

  /usr1/Development/youtubequeue/ld-native/extensions/x86_64-linux/3.3.0/io-console-0.7.2/mkmf.log

extconf failed, exit code 1
